C51 COMPILER V9.60.0.0   LCD1602                                                           12/20/2022 17:24:53 PAGE 1   


C51 COMPILER V9.60.0.0, COMPILATION OF MODULE LCD1602
OBJECT MODULE PLACED IN .\Objects\LCD1602.obj
COMPILER INVOKED BY: D:\software\keil5\C51\BIN\C51.EXE LCD1602.c OPTIMIZE(8,SPEED) BROWSE DEBUG OBJECTEXTEND PRINT(.\Lis
                    -tings\LCD1602.lst) TABS(2) OBJECT(.\Objects\LCD1602.obj)

line level    source

   1          #include <REGX52.H>
   2          
   3          unsigned char *num[] = "0123456789"; 
   4          
   5          void delay(int x)
   6          {
   7   1        while(x--); 
   8   1      } 
   9          /***向LCD写一个命令**/
  10          void write_command(char command)
  11          {
  12   1        P2_1 = 0;
  13   1        P2_2 = 0;
  14   1        P0 = command;
  15   1        P2_0 = 1;
  16   1        delay(100);//等待接收，忽略读状态操作
  17   1        P2_0 = 0;
  18   1        P2_1 = 1;
  19   1      } 
  20          /***向LCD写一个数据**/
  21          void write_data(char date)
  22          {
  23   1        P2_1 = 0;
  24   1        P2_2 = 1;
  25   1        P0 = date;
  26   1        P2_0 = 1;
  27   1        delay(100);//等待接收
  28   1        P2_0 = 0;
  29   1        P2_1 = 1;
  30   1      } 
  31          /**初始化**/
  32          void FLCD1602_init(void)
  33          {
  34   1        write_command(0x38);//两行，每行16个字符，每个字符是5*7点阵
  35   1        write_command(0x0f);//光标显示并闪烁
  36   1        //write_command(0x0c);//光标不显示
  37   1        write_command(0x06);//光标随字符右移
  38   1      }  
  39          /**清屏**/
  40          void FLCD1602_clear()
  41          {
  42   1        write_command(0x01);
  43   1        write_command(0x02);
  44   1      }
  45          /**向LCD写字符串**/
  46          void display_string(char *p)
  47          {
  48   1        while(*p)//字符非空
  49   1        {
  50   2          write_data(*p);//写字符
  51   2          p++;             //数据指针++
  52   2        }
  53   1      }
  54          /**向LCD写数字变量**/
C51 COMPILER V9.60.0.0   LCD1602                                                           12/20/2022 17:24:53 PAGE 2   

  55          void display_num(char x)
  56          {
  57   1        write_data(num[x / 10]);
*** WARNING C214 IN LINE 57 OF LCD1602.c: 'Argument': conversion: pointer to non-pointer
  58   1        write_data(num[x % 10]);
*** WARNING C214 IN LINE 58 OF LCD1602.c: 'Argument': conversion: pointer to non-pointer
  59   1      }
  60          /**定位**/
  61          void gotoxy(char y,char x)
  62          {
  63   1        if(y == 1)
  64   1        write_command(0x40 + x);
  65   1        else if(y == 2)
  66   1        write_command(0x80 + 0x40 + x);
  67   1      }       
  68          


MODULE INFORMATION:   STATIC OVERLAYABLE
   CODE SIZE        =    174    ----
   CONSTANT SIZE    =     11    ----
   XDATA SIZE       =   ----    ----
   PDATA SIZE       =   ----    ----
   DATA SIZE        =      3    ----
   IDATA SIZE       =   ----    ----
   BIT SIZE         =   ----    ----
END OF MODULE INFORMATION.


C51 COMPILATION COMPLETE.  2 WARNING(S),  0 ERROR(S)
