C51 COMPILER V9.60.0.0   MAIN                                                              12/20/2022 17:24:53 PAGE 1   


C51 COMPILER V9.60.0.0, COMPILATION OF MODULE MAIN
OBJECT MODULE PLACED IN .\Objects\main.obj
COMPILER INVOKED BY: D:\software\keil5\C51\BIN\C51.EXE main.c OPTIMIZE(8,SPEED) BROWSE DEBUG OBJECTEXTEND PRINT(.\Listin
                    -gs\main.lst) TABS(2) OBJECT(.\Objects\main.obj)

line level    source

   1          #include <REGX52.H>
   2          #include "LCD1602.h"
   3          
   4          void main()
   5          {
   6   1        char i,sec = 56;
   7   1        FLCD1602_init();
   8   1        FLCD1602_clear();
   9   1        while(1)
  10   1        {
  11   2          FLCD1602_clear();
  12   2          display_string("hello");
  13   2          gotoxy(2,0);
  14   2          display_string("2022/02/13");
  15   2          delay(50000);delay(50000);delay(50000);delay(50000);
  16   2          FLCD1602_clear();
  17   2          display_string("Time:");display_num(sec);display_string(" ");display_num(i);
  18   2          gotoxy(2,0);
  19   2          display_string("end");
  20   2          delay(50000);delay(50000);delay(50000);delay(50000);
  21   2          i++;
  22   2          if(i>100)i = 0;
  23   2        }
  24   1      }


MODULE INFORMATION:   STATIC OVERLAYABLE
   CODE SIZE        =    169    ----
   CONSTANT SIZE    =     29    ----
   XDATA SIZE       =   ----    ----
   PDATA SIZE       =   ----    ----
   DATA SIZE        =   ----       2
   IDATA SIZE       =   ----    ----
   BIT SIZE         =   ----    ----
END OF MODULE INFORMATION.


C51 COMPILATION COMPLETE.  0 WARNING(S),  0 ERROR(S)
