C51 COMPILER V9.60.0.0   MAIN                                                              12/02/2022 21:47:43 PAGE 1   


C51 COMPILER V9.60.0.0, COMPILATION OF MODULE MAIN
OBJECT MODULE PLACED IN .\Objects\main.obj
COMPILER INVOKED BY: D:\software\keil5\C51\BIN\C51.EXE main.c OPTIMIZE(8,SPEED) BROWSE DEBUG OBJECTEXTEND PRINT(.\Listin
                    -gs\main.lst) TABS(2) OBJECT(.\Objects\main.obj)

line level    source

   1          #include <REGX52.H>
   2          void Delay(unsigned int xms);
   3          
   4          unsigned char LEDNum;
   5          
   6          void main()
   7          {
   8   1        P1=~0x01;       //上电默认LED1点亮
   9   1        while(1)
  10   1        {
  11   2          if(P3_1==0)     //如果K1按键按下
  12   2          {
  13   3            Delay(20);
  14   3            while(P3_1==0);
  15   3            Delay(20);
  16   3            
  17   3            LEDNum++;   //LEDNum自增
  18   3            if(LEDNum>=8) //限制LEDNum自增范围
  19   3              LEDNum=0;
  20   3            P1=~(0x01<<LEDNum); //LED的第LEDNum位点亮
  21   3          }
  22   2          if(P3_0==0)     //如果K2按键按下
  23   2          {
  24   3            Delay(20);
  25   3            while(P3_0==0);
  26   3            Delay(20);
  27   3            
  28   3            if(LEDNum==0) //LEDNum减到0后变为7
  29   3              LEDNum=7;
  30   3            else      //LEDNum未减到0，自减
  31   3              LEDNum--;
  32   3            P1=~(1<<LEDNum);  //LED的第LEDNum位点亮
  33   3          }
  34   2        }
  35   1      }
  36          
  37          void Delay(unsigned int xms)
  38          {
  39   1        unsigned char i, j;
  40   1        while(xms--)
  41   1        {
  42   2          i = 2;
  43   2          j = 239;
  44   2          do
  45   2          {
  46   3            while (--j);
  47   3          } while (--i);
  48   2        }
  49   1      }
  50          


MODULE INFORMATION:   STATIC OVERLAYABLE
   CODE SIZE        =    113    ----
C51 COMPILER V9.60.0.0   MAIN                                                              12/02/2022 21:47:43 PAGE 2   

   CONSTANT SIZE    =   ----    ----
   XDATA SIZE       =   ----    ----
   PDATA SIZE       =   ----    ----
   DATA SIZE        =      1    ----
   IDATA SIZE       =   ----    ----
   BIT SIZE         =   ----    ----
END OF MODULE INFORMATION.


C51 COMPILATION COMPLETE.  0 WARNING(S),  0 ERROR(S)
